<?xml version="1.0" encoding="utf-8"?><testsuites name="pytest tests"><testsuite name="pytest" errors="0" failures="0" skipped="0" tests="21" time="7.595" timestamp="2026-05-19T13:42:21.696120+00:00" hostname="agent-env-10fed436-8f1e-4708-9134-a7c199097981"><testcase classname="backend.tests.test_backend.TestAuth" name="test_login_success" time="0.321" /><testcase classname="backend.tests.test_backend.TestAuth" name="test_login_wrong_password" time="0.222" /><testcase classname="backend.tests.test_backend.TestAuth" name="test_protected_without_token" time="0.154" /><testcase classname="backend.tests.test_backend.TestAuth" name="test_protected_with_bad_token" time="0.189" /><testcase classname="backend.tests.test_backend.TestHalaqahs" name="test_get_halaqahs_public" time="0.122" /><testcase classname="backend.tests.test_backend.TestHalaqahs" name="test_get_students_requires_auth" time="0.197" /><testcase classname="backend.tests.test_backend.TestHalaqahs" name="test_get_students_haikal" time="1.245" /><testcase classname="backend.tests.test_backend.TestHalaqahs" name="test_get_students_invalid_halaqah" time="0.244" /><testcase classname="backend.tests.test_backend.TestHalaqahs" name="test_add_extra_student" time="0.342" /><testcase classname="backend.tests.test_backend.TestBuletin" name="test_buletin_crud" time="0.525" /><testcase classname="backend.tests.test_backend.TestTasmi" name="test_create_tasmi" time="0.828" /><testcase classname="backend.tests.test_backend.TestTasmi" name="test_list_tasmi_filters" time="0.473" /><testcase classname="backend.tests.test_backend.TestTasmi" name="test_delete_tasmi" time="0.273" /><testcase classname="backend.tests.test_backend.TestAnalytics" name="test_pending_halaqahs" time="0.148" /><testcase classname="backend.tests.test_backend.TestAnalytics" name="test_top_students" time="0.140" /><testcase classname="backend.tests.test_backend.TestAnalytics" name="test_top_halaqahs" time="0.351" /><testcase classname="backend.tests.test_backend.TestAnalytics" name="test_overall" time="0.128" /><testcase classname="backend.tests.test_backend.TestAnalytics" name="test_weak_students" time="0.153" /><testcase classname="backend.tests.test_backend.TestAnalytics" name="test_halaqah_report" time="0.128" /><testcase classname="backend.tests.test_backend.TestAnalytics" name="test_student_performance" time="0.149" /><testcase classname="backend.tests.test_backend" name="test_zz_cleanup" time="1.037" /></testsuite></testsuites>